<?xml version="1.0" encoding="UTF-8"?>
<!-- Generated by org.testng.reporters.JUnitXMLReporter -->
<testsuite hostname="LAPTOP-AN067CKH" ignored="0" name="Test" tests="4" failures="0" timestamp="2020-06-11T16:01:23 EDT" time="0.048" errors="0">
  <testcase name="deleteTwitter" time="0.004" classname="qaclickacademy.Mavenjava.RESTAPITest"/>
  <testcase name="postjira" time="0.001" classname="qaclickacademy.Mavenjava.RESTAPITest"/>
  <testcase name="BrowserAutomation" time="0.001" classname="qaclickacademy.Mavenjava.SeleniumTest"/>
  <testcase name="elementsUi" time="0.0" classname="qaclickacademy.Mavenjava.SeleniumTest"/>
</testsuite> <!-- Test -->
