<?xml version="1.0" encoding="UTF-8"?>
<testng-results skipped="0" failed="0" ignored="0" total="4" passed="4">
  <reporter-output>
  </reporter-output>
  <suite name="Suite" duration-ms="48" started-at="2020-06-11T16:01:23 EDT" finished-at="2020-06-11T16:01:23 EDT">
    <groups>
    </groups>
    <test name="Test" duration-ms="48" started-at="2020-06-11T16:01:23 EDT" finished-at="2020-06-11T16:01:23 EDT">
      <class name="qaclickacademy.Mavenjava.RESTAPITest">
        <test-method status="PASS" signature="deleteTwitter()[pri:0, instance:qaclickacademy.Mavenjava.RESTAPITest@20398b7c]" name="deleteTwitter" duration-ms="4" started-at="2020-06-11T16:01:23 EDT" finished-at="2020-06-11T16:01:23 EDT">
          <reporter-output>
          </reporter-output>
        </test-method> <!-- deleteTwitter -->
        <test-method status="PASS" signature="postjira()[pri:0, instance:qaclickacademy.Mavenjava.RESTAPITest@20398b7c]" name="postjira" duration-ms="1" started-at="2020-06-11T16:01:23 EDT" finished-at="2020-06-11T16:01:23 EDT">
          <reporter-output>
          </reporter-output>
        </test-method> <!-- postjira -->
      </class> <!-- qaclickacademy.Mavenjava.RESTAPITest -->
      <class name="qaclickacademy.Mavenjava.SeleniumTest">
        <test-method status="PASS" signature="BrowserAutomation()[pri:0, instance:qaclickacademy.Mavenjava.SeleniumTest@6fc6f14e]" name="BrowserAutomation" duration-ms="1" started-at="2020-06-11T16:01:23 EDT" finished-at="2020-06-11T16:01:23 EDT">
          <reporter-output>
          </reporter-output>
        </test-method> <!-- BrowserAutomation -->
        <test-method status="PASS" signature="elementsUi()[pri:0, instance:qaclickacademy.Mavenjava.SeleniumTest@6fc6f14e]" name="elementsUi" duration-ms="0" started-at="2020-06-11T16:01:23 EDT" finished-at="2020-06-11T16:01:23 EDT">
          <reporter-output>
          </reporter-output>
        </test-method> <!-- elementsUi -->
      </class> <!-- qaclickacademy.Mavenjava.SeleniumTest -->
    </test> <!-- Test -->
  </suite> <!-- Suite -->
</testng-results>
