<?xml version="1.0" encoding="UTF-8"?>
<testng-results skipped="0" failed="0" ignored="0" total="2" passed="2">
  <reporter-output>
  </reporter-output>
  <suite name="Default suite" duration-ms="84" started-at="2020-06-10T12:22:55 EDT" finished-at="2020-06-10T12:22:56 EDT">
    <groups>
    </groups>
    <test name="Default test" duration-ms="84" started-at="2020-06-10T12:22:55 EDT" finished-at="2020-06-10T12:22:56 EDT">
      <class name="qaclickacademy.Mavenjava.SeleniumTest">
        <test-method status="PASS" signature="BrowserAutomation()[pri:0, instance:qaclickacademy.Mavenjava.SeleniumTest@4d41cee]" name="BrowserAutomation" duration-ms="16" started-at="2020-06-10T12:22:55 EDT" finished-at="2020-06-10T12:22:55 EDT">
          <reporter-output>
          </reporter-output>
        </test-method> <!-- BrowserAutomation -->
        <test-method status="PASS" signature="elementsUi()[pri:0, instance:qaclickacademy.Mavenjava.SeleniumTest@4d41cee]" name="elementsUi" duration-ms="2" started-at="2020-06-10T12:22:56 EDT" finished-at="2020-06-10T12:22:56 EDT">
          <reporter-output>
          </reporter-output>
        </test-method> <!-- elementsUi -->
      </class> <!-- qaclickacademy.Mavenjava.SeleniumTest -->
    </test> <!-- Default test -->
  </suite> <!-- Default suite -->
</testng-results>
